<?xml version="1.0" encoding="UTF-8"?>
<!-- Generated by org.testng.reporters.JUnitXMLReporter -->
<testsuite ignored="3" hostname="IS-5093s-MBP" failures="1" tests="1" name="Test" time="1.188" errors="0" timestamp="2022-08-02T15:07:22 PDT">
  <testcase classname="com.qa.testdemo.SimpleTestDemo" name="verifySignInLinkTest" time="0.006">
    <failure type="java.lang.NullPointerException">
      <![CDATA[java.lang.NullPointerException
at com.qa.testdemo.SimpleTestDemo.verifySignInLinkTest(SimpleTestDemo.java:15)
at java.base/java.util.ArrayList.forEach(ArrayList.java:1541)
... Removed 27 stack frames]]>
    </failure>
  </testcase> <!-- verifySignInLinkTest -->
  <testcase classname="com.qa.testdemo.BaseTest" name="@AfterTest tearDown" time="0.0">
    <ignored/>
  </testcase> <!-- @AfterTest tearDown -->
  <testcase classname="com.qa.testdemo.BaseTest" name="@BeforeSuite setUp" time="0.0">
    <ignored/>
  </testcase> <!-- @BeforeSuite setUp -->
  <testcase classname="com.qa.testdemo.BaseTest" name="@BeforeTest goToGoogle" time="0.0">
    <ignored/>
  </testcase> <!-- @BeforeTest goToGoogle -->
</testsuite> <!-- Test -->
