<?xml version="1.0" encoding="UTF-8"?>
<testng-results ignored="0" total="1" passed="1" failed="0" skipped="0">
  <reporter-output>
  </reporter-output>
  <suite started-at="2022-08-02T16:38:20 PDT" name="Default suite" finished-at="2022-08-02T16:38:22 PDT" duration-ms="2073">
    <groups>
    </groups>
    <test started-at="2022-08-02T16:38:20 PDT" name="Default test" finished-at="2022-08-02T16:38:22 PDT" duration-ms="2073">
      <class name="com.qa.testdemo.SimpleTestDemo">
        <test-method is-config="true" signature="setUp()[pri:0, instance:com.qa.testdemo.SimpleTestDemo@3e27ba32]" started-at="2022-08-02T16:38:17 PDT" name="setUp" finished-at="2022-08-02T16:38:20 PDT" duration-ms="2786" status="PASS">
          <reporter-output>
          </reporter-output>
        </test-method> <!-- setUp -->
        <test-method is-config="true" signature="goToGoogle()[pri:0, instance:com.qa.testdemo.SimpleTestDemo@3e27ba32]" started-at="2022-08-02T16:38:20 PDT" name="goToGoogle" finished-at="2022-08-02T16:38:22 PDT" duration-ms="1706" status="PASS">
          <reporter-output>
          </reporter-output>
        </test-method> <!-- goToGoogle -->
        <test-method signature="verifySignInLinkTest()[pri:1, instance:com.qa.testdemo.SimpleTestDemo@3e27ba32]" started-at="2022-08-02T16:38:22 PDT" name="verifySignInLinkTest" finished-at="2022-08-02T16:38:22 PDT" duration-ms="187" status="PASS">
          <reporter-output>
          </reporter-output>
        </test-method> <!-- verifySignInLinkTest -->
        <test-method is-config="true" signature="tearDown()[pri:0, instance:com.qa.testdemo.SimpleTestDemo@3e27ba32]" started-at="2022-08-02T16:38:22 PDT" name="tearDown" finished-at="2022-08-02T16:38:22 PDT" duration-ms="143" status="PASS">
          <reporter-output>
          </reporter-output>
        </test-method> <!-- tearDown -->
      </class> <!-- com.qa.testdemo.SimpleTestDemo -->
    </test> <!-- Default test -->
  </suite> <!-- Default suite -->
</testng-results>
